#
# There is insufficient memory for the Java Runtime Environment to continue.
# Native memory allocation (malloc) failed to allocate 32744 bytes for ChunkPool::allocate
# Possible reasons:
#   The system is out of physical RAM or swap space
#   The process is running with CompressedOops enabled, and the Java Heap may be blocking the growth of the native heap
# Possible solutions:
#   Reduce memory load on the system
#   Increase physical memory or swap space
#   Check if swap backing store is full
#   Decrease Java heap size (-Xmx/-Xms)
#   Decrease number of Java threads
#   Decrease Java thread stack sizes (-Xss)
#   Set larger code cache with -XX:ReservedCodeCacheSize=
#   JVM is running with Zero Based Compressed Oops mode in which the Java heap is
#     placed in the first 32GB address space. The Java Heap base address is the
#     maximum limit for the native heap growth. Please use -XX:HeapBaseMinAddress
#     to set the Java Heap base and to place the Java Heap above 32GB virtual address.
# This output file may be truncated or incomplete.
#
#  Out of Memory Error (allocation.cpp:272), pid=130564, tid=0x000000000001e010
#
# JRE version: Java(TM) SE Runtime Environment (8.0_221-b11) (build 1.8.0_221-b11)
# Java VM: Java HotSpot(TM) 64-Bit Server VM (25.221-b11 mixed mode windows-amd64 compressed oops)
# Failed to write core dump. Minidumps are not enabled by default on client versions of Windows
#

---------------  T H R E A D  ---------------

Current thread (0x000000001bb6a000):  JavaThread "C2 CompilerThread1" daemon [_thread_in_native, id=122896, stack(0x000000001d6a0000,0x000000001d7a0000)]

Stack: [0x000000001d6a0000,0x000000001d7a0000]
[error occurred during error reporting (printing stack bounds), id 0xc0000005]

Native frames: (J=compiled Java code, j=interpreted, Vv=VM code, C=native code)


Current CompileTask:
C2:  37181 4048       4       org.springframework.util.StringUtils::hasText (24 bytes)


---------------  P R O C E S S  ---------------

Java Threads: ( => current thread )
  0x000000001e268800 JavaThread "Keep-Alive-Timer" daemon [_thread_blocked, id=118780, stack(0x0000000024f40000,0x0000000025040000)]
  0x000000001e26c000 JavaThread "DestroyJavaVM" [_thread_blocked, id=131036, stack(0x0000000002370000,0x0000000002470000)]
  0x000000001e266000 JavaThread "http-nio-8082-Acceptor" daemon [_thread_in_native, id=129612, stack(0x0000000024c40000,0x0000000024d40000)]
  0x000000001e267800 JavaThread "http-nio-8082-ClientPoller" daemon [_thread_in_native, id=130656, stack(0x0000000024b40000,0x0000000024c40000)]
  0x000000001e267000 JavaThread "http-nio-8082-exec-10" daemon [_thread_blocked, id=130264, stack(0x0000000024a40000,0x0000000024b40000)]
  0x000000001e26a800 JavaThread "http-nio-8082-exec-9" daemon [_thread_blocked, id=105668, stack(0x0000000024840000,0x0000000024940000)]
  0x000000001e26b800 JavaThread "http-nio-8082-exec-8" daemon [_thread_blocked, id=130256, stack(0x0000000024740000,0x0000000024840000)]
  0x000000001e269000 JavaThread "http-nio-8082-exec-7" daemon [_thread_blocked, id=88748, stack(0x0000000024640000,0x0000000024740000)]
  0x000000001e26a000 JavaThread "http-nio-8082-exec-6" daemon [_thread_blocked, id=88752, stack(0x0000000024540000,0x0000000024640000)]
  0x0000000020aed800 JavaThread "http-nio-8082-exec-5" daemon [_thread_blocked, id=88768, stack(0x0000000024440000,0x0000000024540000)]
  0x00000000208d3000 JavaThread "http-nio-8082-exec-4" daemon [_thread_blocked, id=130712, stack(0x00000000240b0000,0x00000000241b0000)]
  0x00000000208d2000 JavaThread "http-nio-8082-exec-3" daemon [_thread_blocked, id=130704, stack(0x0000000023fb0000,0x00000000240b0000)]
  0x0000000021875800 JavaThread "http-nio-8082-exec-2" daemon [_thread_blocked, id=88744, stack(0x0000000023eb0000,0x0000000023fb0000)]
  0x0000000021875000 JavaThread "http-nio-8082-exec-1" daemon [_thread_blocked, id=88740, stack(0x0000000023db0000,0x0000000023eb0000)]
  0x0000000020528800 JavaThread "http-nio-8082-BlockPoller" daemon [_thread_in_native, id=130800, stack(0x0000000023cb0000,0x0000000023db0000)]
  0x000000001f0a8000 JavaThread "container-0" [_thread_blocked, id=130796, stack(0x0000000022930000,0x0000000022a30000)]
  0x000000001d430000 JavaThread "Catalina-utility-2" [_thread_blocked, id=130844, stack(0x00000000213f0000,0x00000000214f0000)]
  0x000000002207b000 JavaThread "Catalina-utility-1" [_thread_blocked, id=88952, stack(0x000000001e410000,0x000000001e510000)]
  0x000000001bb6d800 JavaThread "Service Thread" daemon [_thread_blocked, id=130088, stack(0x000000001d8a0000,0x000000001d9a0000)]
  0x000000001bb6c800 JavaThread "C1 CompilerThread2" daemon [_thread_in_native, id=100712, stack(0x000000001d7a0000,0x000000001d8a0000)]
=>0x000000001bb6a000 JavaThread "C2 CompilerThread1" daemon [_thread_in_native, id=122896, stack(0x000000001d6a0000,0x000000001d7a0000)]
  0x000000001bb12800 JavaThread "C2 CompilerThread0" daemon [_thread_blocked, id=129556, stack(0x000000001d1a0000,0x000000001d2a0000)]
  0x000000001bb10800 JavaThread "Attach Listener" daemon [_thread_blocked, id=130100, stack(0x000000001d0a0000,0x000000001d1a0000)]
  0x000000001bb0f800 JavaThread "Signal Dispatcher" daemon [_thread_blocked, id=119264, stack(0x000000001cfa0000,0x000000001d0a0000)]
  0x000000001baf9000 JavaThread "Finalizer" daemon [_thread_blocked, id=130220, stack(0x000000001cd70000,0x000000001ce70000)]
  0x0000000002564000 JavaThread "Reference Handler" daemon [_thread_blocked, id=110756, stack(0x000000001cc70000,0x000000001cd70000)]

Other Threads:
  0x000000001bad7800 VMThread [stack: 0x000000001cb70000,0x000000001cc70000] [id=130156]
  0x000000001d2d4800 WatcherThread [stack: 0x000000001d9a0000,0x000000001daa0000] [id=130076]

VM state:not at safepoint (normal execution)

VM Mutex/Monitor currently owned by a thread: None

heap address: 0x00000006c2000000, size: 4064 MB, Compressed Oops mode: Zero based, Oop shift amount: 3
Narrow klass base: 0x0000000000000000, Narrow klass shift: 3
Compressed class space size: 1073741824 Address: 0x00000007c0000000

Heap:
 PSYoungGen      total 108544K, used 30631K [0x000000076b580000, 0x0000000772e00000, 0x00000007c0000000)
  eden space 97792K, 31% used [0x000000076b580000,0x000000076d369d20,0x0000000771500000)
  from space 10752K, 0% used [0x0000000772380000,0x0000000772380000,0x0000000772e00000)
  to   space 10752K, 0% used [0x0000000771900000,0x0000000771900000,0x0000000772380000)
 ParOldGen       total 144896K, used 14739K [0x00000006c2000000, 0x00000006cad80000, 0x000000076b580000)
  object space 144896K, 10% used [0x00000006c2000000,0x00000006c2e64ef0,0x00000006cad80000)
 Metaspace       used 33663K, capacity 35552K, committed 35968K, reserved 1081344K
  class space    used 4346K, capacity 4692K, committed 4736K, reserved 1048576K

Card table byte_map: [0x0000000011930000,0x0000000012130000] byte_map_base: 0x000000000e320000

Marking Bits: (ParMarkBitMap*) 0x000000006b925ce0
 Begin Bits: [0x0000000012a80000, 0x0000000016a00000)
 End Bits:   [0x0000000016a00000, 0x000000001a980000)

Polling page: 0x0000000000780000

CodeCache: size=245760Kb used=11120Kb max_used=11120Kb free=234639Kb
 bounds [0x0000000002570000, 0x0000000003060000, 0x0000000011570000]
 total_blobs=4032 nmethods=3610 adapters=333
 compilation: enabled

Compilation events (10 events):
Event: 37.155 Thread 0x000000001bb6c800 4044       3       org.springframework.util.LinkedMultiValueMap::<init> (17 bytes)
Event: 37.155 Thread 0x000000001bb6c800 nmethod 4044 0x0000000003057990 code [0x0000000003057b40, 0x0000000003057e88]
Event: 37.167 Thread 0x000000001bb6c800 4045       3       com.fasterxml.jackson.databind.util.LRUMap::get (9 bytes)
Event: 37.167 Thread 0x000000001bb6c800 nmethod 4045 0x0000000003054c50 code [0x0000000003054dc0, 0x0000000003054fe8]
Event: 37.167 Thread 0x000000001bb6c800 4046       3       org.springframework.http.MediaType::sortBySpecificityAndQuality (34 bytes)
Event: 37.168 Thread 0x000000001bb6a000 4048       4       org.springframework.util.StringUtils::hasText (24 bytes)
Event: 37.170 Thread 0x000000001bb6c800 nmethod 4046 0x0000000003058010 code [0x0000000003058220, 0x0000000003058ca8]
Event: 37.170 Thread 0x000000001bb6c800 4047       3       java.util.Comparator::thenComparing (19 bytes)
Event: 37.172 Thread 0x000000001bb6c800 nmethod 4047 0x0000000003059150 code [0x0000000003059300, 0x0000000003059a28]
Event: 37.176 Thread 0x000000001bb6c800 4049       3       org.springframework.http.server.ServletServerHttpResponse::writeHeaders (124 bytes)

GC Heap History (10 events):
Event: 3.398 GC heap before
{Heap before GC invocations=2 (full 0):
 PSYoungGen      total 75776K, used 47334K [0x000000076b580000, 0x0000000770a00000, 0x00000007c0000000)
  eden space 65024K, 58% used [0x000000076b580000,0x000000076da6f798,0x000000076f500000)
  from space 10752K, 88% used [0x000000076f500000,0x000000076fe4a3e8,0x000000076ff80000)
  to   space 10752K, 0% used [0x000000076ff80000,0x000000076ff80000,0x0000000770a00000)
 ParOldGen       total 173568K, used 16K [0x00000006c2000000, 0x00000006cc980000, 0x000000076b580000)
  object space 173568K, 0% used [0x00000006c2000000,0x00000006c2004000,0x00000006cc980000)
 Metaspace       used 20536K, capacity 21196K, committed 21296K, reserved 1067008K
  class space    used 2697K, capacity 2866K, committed 2944K, reserved 1048576K
Event: 3.431 GC heap after
Heap after GC invocations=2 (full 0):
 PSYoungGen      total 75776K, used 9859K [0x000000076b580000, 0x0000000774980000, 0x00000007c0000000)
  eden space 65024K, 0% used [0x000000076b580000,0x000000076b580000,0x000000076f500000)
  from space 10752K, 91% used [0x000000076ff80000,0x0000000770920d08,0x0000000770a00000)
  to   space 10752K, 0% used [0x000000076f500000,0x000000076f500000,0x000000076ff80000)
 ParOldGen       total 173568K, used 24K [0x00000006c2000000, 0x00000006cc980000, 0x000000076b580000)
  object space 173568K, 0% used [0x00000006c2000000,0x00000006c2006000,0x00000006cc980000)
 Metaspace       used 20536K, capacity 21196K, committed 21296K, reserved 1067008K
  class space    used 2697K, capacity 2866K, committed 2944K, reserved 1048576K
}
Event: 3.431 GC heap before
{Heap before GC invocations=3 (full 1):
 PSYoungGen      total 75776K, used 9859K [0x000000076b580000, 0x0000000774980000, 0x00000007c0000000)
  eden space 65024K, 0% used [0x000000076b580000,0x000000076b580000,0x000000076f500000)
  from space 10752K, 91% used [0x000000076ff80000,0x0000000770920d08,0x0000000770a00000)
  to   space 10752K, 0% used [0x000000076f500000,0x000000076f500000,0x000000076ff80000)
 ParOldGen       total 173568K, used 24K [0x00000006c2000000, 0x00000006cc980000, 0x000000076b580000)
  object space 173568K, 0% used [0x00000006c2000000,0x00000006c2006000,0x00000006cc980000)
 Metaspace       used 20536K, capacity 21196K, committed 21296K, reserved 1067008K
  class space    used 2697K, capacity 2866K, committed 2944K, reserved 1048576K
Event: 3.477 GC heap after
Heap after GC invocations=3 (full 1):
 PSYoungGen      total 75776K, used 0K [0x000000076b580000, 0x0000000774980000, 0x00000007c0000000)
  eden space 65024K, 0% used [0x000000076b580000,0x000000076b580000,0x000000076f500000)
  from space 10752K, 0% used [0x000000076ff80000,0x000000076ff80000,0x0000000770a00000)
  to   space 10752K, 0% used [0x000000076f500000,0x000000076f500000,0x000000076ff80000)
 ParOldGen       total 99840K, used 9448K [0x00000006c2000000, 0x00000006c8180000, 0x000000076b580000)
  object space 99840K, 9% used [0x00000006c2000000,0x00000006c293a320,0x00000006c8180000)
 Metaspace       used 20536K, capacity 21196K, committed 21296K, reserved 1067008K
  class space    used 2697K, capacity 2866K, committed 2944K, reserved 1048576K
}
Event: 7.044 GC heap before
{Heap before GC invocations=4 (full 1):
 PSYoungGen      total 75776K, used 65024K [0x000000076b580000, 0x0000000774980000, 0x00000007c0000000)
  eden space 65024K, 100% used [0x000000076b580000,0x000000076f500000,0x000000076f500000)
  from space 10752K, 0% used [0x000000076ff80000,0x000000076ff80000,0x0000000770a00000)
  to   space 10752K, 0% used [0x000000076f500000,0x000000076f500000,0x000000076ff80000)
 ParOldGen       total 99840K, used 9448K [0x00000006c2000000, 0x00000006c8180000, 0x000000076b580000)
  object space 99840K, 9% used [0x00000006c2000000,0x00000006c293a320,0x00000006c8180000)
 Metaspace       used 27846K, capacity 29230K, committed 29568K, reserved 1075200K
  class space    used 3647K, capacity 3913K, committed 3968K, reserved 1048576K
Event: 7.071 GC heap after
Heap after GC invocations=4 (full 1):
 PSYoungGen      total 75776K, used 9620K [0x000000076b580000, 0x0000000772e00000, 0x00000007c0000000)
  eden space 65024K, 0% used [0x000000076b580000,0x000000076b580000,0x000000076f500000)
  from space 10752K, 89% used [0x000000076f500000,0x000000076fe65250,0x000000076ff80000)
  to   space 10752K, 0% used [0x0000000772380000,0x0000000772380000,0x0000000772e00000)
 ParOldGen       total 99840K, used 9456K [0x00000006c2000000, 0x00000006c8180000, 0x000000076b580000)
  object space 99840K, 9% used [0x00000006c2000000,0x00000006c293c320,0x00000006c8180000)
 Metaspace       used 27846K, capacity 29230K, committed 29568K, reserved 1075200K
  class space    used 3647K, capacity 3913K, committed 3968K, reserved 1048576K
}
Event: 19.173 GC heap before
{Heap before GC invocations=5 (full 1):
 PSYoungGen      total 75776K, used 65898K [0x000000076b580000, 0x0000000772e00000, 0x00000007c0000000)
  eden space 65024K, 86% used [0x000000076b580000,0x000000076ec757f0,0x000000076f500000)
  from space 10752K, 89% used [0x000000076f500000,0x000000076fe65250,0x000000076ff80000)
  to   space 10752K, 0% used [0x0000000772380000,0x0000000772380000,0x0000000772e00000)
 ParOldGen       total 99840K, used 9456K [0x00000006c2000000, 0x00000006c8180000, 0x000000076b580000)
  object space 99840K, 9% used [0x00000006c2000000,0x00000006c293c320,0x00000006c8180000)
 Metaspace       used 33396K, capacity 35384K, committed 35456K, reserved 1079296K
  class space    used 4363K, capacity 4722K, committed 4736K, reserved 1048576K
Event: 19.197 GC heap after
Heap after GC invocations=5 (full 1):
 PSYoungGen      total 108544K, used 10747K [0x000000076b580000, 0x0000000772e00000, 0x00000007c0000000)
  eden space 97792K, 0% used [0x000000076b580000,0x000000076b580000,0x0000000771500000)
  from space 10752K, 99% used [0x0000000772380000,0x0000000772dfec20,0x0000000772e00000)
  to   space 10752K, 0% used [0x0000000771900000,0x0000000771900000,0x0000000772380000)
 ParOldGen       total 99840K, used 9613K [0x00000006c2000000, 0x00000006c8180000, 0x000000076b580000)
  object space 99840K, 9% used [0x00000006c2000000,0x00000006c2963458,0x00000006c8180000)
 Metaspace       used 33396K, capacity 35384K, committed 35456K, reserved 1079296K
  class space    used 4363K, capacity 4722K, committed 4736K, reserved 1048576K
}
Event: 19.197 GC heap before
{Heap before GC invocations=6 (full 2):
 PSYoungGen      total 108544K, used 10747K [0x000000076b580000, 0x0000000772e00000, 0x00000007c0000000)
  eden space 97792K, 0% used [0x000000076b580000,0x000000076b580000,0x0000000771500000)
  from space 10752K, 99% used [0x0000000772380000,0x0000000772dfec20,0x0000000772e00000)
  to   space 10752K, 0% used [0x0000000771900000,0x0000000771900000,0x0000000772380000)
 ParOldGen       total 99840K, used 9613K [0x00000006c2000000, 0x00000006c8180000, 0x000000076b580000)
  object space 99840K, 9% used [0x00000006c2000000,0x00000006c2963458,0x00000006c8180000)
 Metaspace       used 33396K, capacity 35384K, committed 35456K, reserved 1079296K
  class space    used 4363K, capacity 4722K, committed 4736K, reserved 1048576K
Event: 19.309 GC heap after
Heap after GC invocations=6 (full 2):
 PSYoungGen      total 108544K, used 0K [0x000000076b580000, 0x0000000772e00000, 0x00000007c0000000)
  eden space 97792K, 0% used [0x000000076b580000,0x000000076b580000,0x0000000771500000)
  from space 10752K, 0% used [0x0000000772380000,0x0000000772380000,0x0000000772e00000)
  to   space 10752K, 0% used [0x0000000771900000,0x0000000771900000,0x0000000772380000)
 ParOldGen       total 144896K, used 14739K [0x00000006c2000000, 0x00000006cad80000, 0x000000076b580000)
  object space 144896K, 10% used [0x00000006c2000000,0x00000006c2e64ef0,0x00000006cad80000)
 Metaspace       used 33331K, capacity 35192K, committed 35456K, reserved 1079296K
  class space    used 4343K, capacity 4688K, committed 4736K, reserved 1048576K
}

Deoptimization events (10 events):
Event: 15.573 Thread 0x0000000021875800 Uncommon trap: reason=bimorphic action=maybe_recompile pc=0x000000000299b0bc method=java.net.URL.<init>(Ljava/net/URL;Ljava/lang/String;Ljava/net/URLStreamHandler;)V @ 504
Event: 15.589 Thread 0x00000000208d2000 Uncommon trap: reason=class_check action=maybe_recompile pc=0x0000000002d1f390 method=java.util.concurrent.ConcurrentHashMap.putVal(Ljava/lang/Object;Ljava/lang/Object;Z)Ljava/lang/Object; @ 192
Event: 16.484 Thread 0x00000000208d3000 Uncommon trap: reason=null_check action=make_not_entrant pc=0x0000000002d9d0b0 method=org.springframework.util.ClassUtils.isAssignable(Ljava/lang/Class;Ljava/lang/Class;)Z @ 14
Event: 16.484 Thread 0x0000000021875800 Uncommon trap: reason=null_check action=make_not_entrant pc=0x0000000002d9d0b0 method=org.springframework.util.ClassUtils.isAssignable(Ljava/lang/Class;Ljava/lang/Class;)Z @ 14
Event: 16.484 Thread 0x000000001e26a000 Uncommon trap: reason=null_check action=make_not_entrant pc=0x0000000002d9d0b0 method=org.springframework.util.ClassUtils.isAssignable(Ljava/lang/Class;Ljava/lang/Class;)Z @ 14
Event: 18.107 Thread 0x000000001e26a000 Uncommon trap: reason=bimorphic action=maybe_recompile pc=0x00000000026c9920 method=java.util.concurrent.ConcurrentHashMap.putVal(Ljava/lang/Object;Ljava/lang/Object;Z)Ljava/lang/Object; @ 192
Event: 18.107 Thread 0x000000001e26b800 Uncommon trap: reason=bimorphic action=maybe_recompile pc=0x00000000026c9920 method=java.util.concurrent.ConcurrentHashMap.putVal(Ljava/lang/Object;Ljava/lang/Object;Z)Ljava/lang/Object; @ 192
Event: 18.107 Thread 0x000000001e26a000 Uncommon trap: reason=bimorphic action=maybe_recompile pc=0x00000000026c9920 method=java.util.concurrent.ConcurrentHashMap.putVal(Ljava/lang/Object;Ljava/lang/Object;Z)Ljava/lang/Object; @ 192
Event: 18.107 Thread 0x000000001e26b800 Uncommon trap: reason=bimorphic action=maybe_recompile pc=0x00000000026c9920 method=java.util.concurrent.ConcurrentHashMap.putVal(Ljava/lang/Object;Ljava/lang/Object;Z)Ljava/lang/Object; @ 192
Event: 18.107 Thread 0x000000001e26a000 Uncommon trap: reason=bimorphic action=maybe_recompile pc=0x00000000026c9920 method=java.util.concurrent.ConcurrentHashMap.putVal(Ljava/lang/Object;Ljava/lang/Object;Z)Ljava/lang/Object; @ 192

Classes redefined (0 events):
No events

Internal exceptions (10 events):
Event: 20.752 Thread 0x000000001e26a000 Exception <a 'java/lang/ArrayIndexOutOfBoundsException': 1> (0x000000076c86dcb0) thrown at [C:\re\workspace\8-2-build-windows-amd64-cygwin\jdk8u221\13320\hotspot\src\share\vm\interpreter\interpreterRuntime.cpp, line 368]
Event: 20.752 Thread 0x0000000021875800 Exception <a 'java/lang/ArrayIndexOutOfBoundsException': 1> (0x000000076c798ab8) thrown at [C:\re\workspace\8-2-build-windows-amd64-cygwin\jdk8u221\13320\hotspot\src\share\vm\interpreter\interpreterRuntime.cpp, line 368]
Event: 20.763 Thread 0x000000001e269000 Exception <a 'java/lang/ArrayIndexOutOfBoundsException': 1> (0x000000076c733430) thrown at [C:\re\workspace\8-2-build-windows-amd64-cygwin\jdk8u221\13320\hotspot\src\share\vm\interpreter\interpreterRuntime.cpp, line 368]
Event: 20.772 Thread 0x0000000020aed800 Exception <a 'java/lang/ArrayIndexOutOfBoundsException': 1> (0x000000076c6b67c8) thrown at [C:\re\workspace\8-2-build-windows-amd64-cygwin\jdk8u221\13320\hotspot\src\share\vm\interpreter\interpreterRuntime.cpp, line 368]
Event: 20.973 Thread 0x000000001e26b800 Exception <a 'java/lang/ArrayIndexOutOfBoundsException': 1> (0x000000076c9ca448) thrown at [C:\re\workspace\8-2-build-windows-amd64-cygwin\jdk8u221\13320\hotspot\src\share\vm\interpreter\interpreterRuntime.cpp, line 368]
Event: 20.982 Thread 0x0000000021875800 Exception <a 'java/lang/ArrayIndexOutOfBoundsException': 1> (0x000000076ca27188) thrown at [C:\re\workspace\8-2-build-windows-amd64-cygwin\jdk8u221\13320\hotspot\src\share\vm\interpreter\interpreterRuntime.cpp, line 368]
Event: 20.992 Thread 0x00000000208d3000 Exception <a 'java/lang/ArrayIndexOutOfBoundsException': 1> (0x000000076cbfa718) thrown at [C:\re\workspace\8-2-build-windows-amd64-cygwin\jdk8u221\13320\hotspot\src\share\vm\interpreter\interpreterRuntime.cpp, line 368]
Event: 21.004 Thread 0x000000001e267000 Exception <a 'java/lang/ArrayIndexOutOfBoundsException': 1> (0x000000076cbd0b80) thrown at [C:\re\workspace\8-2-build-windows-amd64-cygwin\jdk8u221\13320\hotspot\src\share\vm\interpreter\interpreterRuntime.cpp, line 368]
Event: 21.022 Thread 0x000000001e26a000 Exception <a 'java/lang/ArrayIndexOutOfBoundsException': 1> (0x000000076cd79138) thrown at [C:\re\workspace\8-2-build-windows-amd64-cygwin\jdk8u221\13320\hotspot\src\share\vm\interpreter\interpreterRuntime.cpp, line 368]
Event: 21.022 Thread 0x0000000021875000 Exception <a 'java/lang/ArrayIndexOutOfBoundsException': 1> (0x000000076c66b088) thrown at [C:\re\workspace\8-2-build-windows-amd64-cygwin\jdk8u221\13320\hotspot\src\share\vm\interpreter\interpreterRuntime.cpp, line 368]

Events (10 events):
Event: 37.153 loading class org/joda/time$LocalDate
Event: 37.153 loading class org/joda/time$LocalDate done
Event: 37.160 loading class org/joda/time/LocalDate
Event: 37.160 loading class org/joda/time/LocalDate done
Event: 37.161 loading class org/joda/time$LocalDate
Event: 37.161 loading class org/joda/time$LocalDate done
Event: 37.164 loading class org/joda/time/LocalDate
Event: 37.164 loading class org/joda/time/LocalDate done
Event: 37.165 loading class org/joda/time$LocalDate
Event: 37.165 loading class org/joda/time$LocalDate done


Dynamic libraries:
0x00007ff6ece20000 - 0x00007ff6ece57000 	C:\Program Files\Java\jre1.8.0_221\bin\javaw.exe
0x00007ffa724c0000 - 0x00007ffa726b0000 	C:\WINDOWS\SYSTEM32\ntdll.dll
0x00007ffa70e50000 - 0x00007ffa70f02000 	C:\WINDOWS\System32\KERNEL32.DLL
0x00007ffa6fe80000 - 0x00007ffa70123000 	C:\WINDOWS\System32\KERNELBASE.dll
0x00007ffa71110000 - 0x00007ffa711b3000 	C:\WINDOWS\System32\ADVAPI32.dll
0x00007ffa709e0000 - 0x00007ffa70a7e000 	C:\WINDOWS\System32\msvcrt.dll
0x00007ffa723b0000 - 0x00007ffa72447000 	C:\WINDOWS\System32\sechost.dll
0x00007ffa70cc0000 - 0x00007ffa70de0000 	C:\WINDOWS\System32\RPCRT4.dll
0x00007ffa72140000 - 0x00007ffa722d4000 	C:\WINDOWS\System32\USER32.dll
0x00007ffa70540000 - 0x00007ffa70561000 	C:\WINDOWS\System32\win32u.dll
0x00007ffa72450000 - 0x00007ffa72476000 	C:\WINDOWS\System32\GDI32.dll
0x00007ffa70330000 - 0x00007ffa704c4000 	C:\WINDOWS\System32\gdi32full.dll
0x00007ffa6f450000 - 0x00007ffa6f4ee000 	C:\WINDOWS\System32\msvcp_win.dll
0x00007ffa6fd80000 - 0x00007ffa6fe7a000 	C:\WINDOWS\System32\ucrtbase.dll
0x00007ffa623f0000 - 0x00007ffa62675000 	C:\WINDOWS\WinSxS\amd64_microsoft.windows.common-controls_6595b64144ccf1df_6.0.18362.535_none_e6c3b34713100821\COMCTL32.dll
0x00007ffa71ac0000 - 0x00007ffa71df6000 	C:\WINDOWS\System32\combase.dll
0x00007ffa70130000 - 0x00007ffa701b0000 	C:\WINDOWS\System32\bcryptPrimitives.dll
0x00007ffa70f10000 - 0x00007ffa70f3e000 	C:\WINDOWS\System32\IMM32.DLL
0x000000006b9b0000 - 0x000000006ba82000 	C:\Program Files\Java\jre1.8.0_221\bin\msvcr100.dll
0x000000006b100000 - 0x000000006b9a5000 	C:\Program Files\Java\jre1.8.0_221\bin\server\jvm.dll
0x00007ffa71e00000 - 0x00007ffa71e08000 	C:\WINDOWS\System32\PSAPI.DLL
0x00007ffa559b0000 - 0x00007ffa559b9000 	C:\WINDOWS\SYSTEM32\WSOCK32.dll
0x00007ffa71f90000 - 0x00007ffa71fff000 	C:\WINDOWS\System32\WS2_32.dll
0x00007ffa68230000 - 0x00007ffa68254000 	C:\WINDOWS\SYSTEM32\WINMM.dll
0x00007ffa6dc90000 - 0x00007ffa6dc9a000 	C:\WINDOWS\SYSTEM32\VERSION.dll
0x00007ffa68200000 - 0x00007ffa6822d000 	C:\WINDOWS\SYSTEM32\WINMMBASE.dll
0x00007ffa704d0000 - 0x00007ffa7051a000 	C:\WINDOWS\System32\cfgmgr32.dll
0x00007ffa408d0000 - 0x00007ffa408df000 	C:\Program Files\Java\jre1.8.0_221\bin\verify.dll
0x00007ffa35420000 - 0x00007ffa35449000 	C:\Program Files\Java\jre1.8.0_221\bin\java.dll
0x00007ffa40630000 - 0x00007ffa40646000 	C:\Program Files\Java\jre1.8.0_221\bin\zip.dll
0x00007ffa711c0000 - 0x00007ffa718a5000 	C:\WINDOWS\System32\SHELL32.dll
0x00007ffa70c10000 - 0x00007ffa70cb9000 	C:\WINDOWS\System32\shcore.dll
0x00007ffa6f550000 - 0x00007ffa6fccf000 	C:\WINDOWS\System32\windows.storage.dll
0x00007ffa6f3a0000 - 0x00007ffa6f3bf000 	C:\WINDOWS\System32\profapi.dll
0x00007ffa6f3e0000 - 0x00007ffa6f42a000 	C:\WINDOWS\System32\powrprof.dll
0x00007ffa6f390000 - 0x00007ffa6f3a0000 	C:\WINDOWS\System32\UMPDC.dll
0x00007ffa71a60000 - 0x00007ffa71ab2000 	C:\WINDOWS\System32\shlwapi.dll
0x00007ffa6f430000 - 0x00007ffa6f441000 	C:\WINDOWS\System32\kernel.appcore.dll
0x00007ffa70520000 - 0x00007ffa70537000 	C:\WINDOWS\System32\cryptsp.dll
0x00007ffa6ba20000 - 0x00007ffa6ba2d000 	C:\Program Files\Java\jre1.8.0_221\bin\management.dll
0x00007ffa40490000 - 0x00007ffa404aa000 	C:\Program Files\Java\jre1.8.0_221\bin\net.dll
0x00007ffa61850000 - 0x00007ffa61a26000 	C:\WINDOWS\SYSTEM32\urlmon.dll
0x00007ffa60f80000 - 0x00007ffa61226000 	C:\WINDOWS\SYSTEM32\iertutil.dll
0x00007ffa6edd0000 - 0x00007ffa6eddc000 	C:\WINDOWS\SYSTEM32\CRYPTBASE.DLL
0x00007ffa6ec00000 - 0x00007ffa6ec67000 	C:\WINDOWS\system32\mswsock.dll
0x00007ffa3c3a0000 - 0x00007ffa3c3b6000 	C:\WINDOWS\system32\napinsp.dll
0x00007ffa3c170000 - 0x00007ffa3c18a000 	C:\WINDOWS\system32\pnrpnsp.dll
0x00007ffa6e950000 - 0x00007ffa6ea1a000 	C:\WINDOWS\SYSTEM32\DNSAPI.dll
0x00007ffa70fc0000 - 0x00007ffa70fc8000 	C:\WINDOWS\System32\NSI.dll
0x00007ffa6e910000 - 0x00007ffa6e94a000 	C:\WINDOWS\SYSTEM32\IPHLPAPI.DLL
0x00007ffa3c0e0000 - 0x00007ffa3c0ee000 	C:\WINDOWS\System32\winrnr.dll
0x00007ffa6ba40000 - 0x00007ffa6ba5c000 	C:\WINDOWS\system32\NLAapi.dll
0x00007ffa3c150000 - 0x00007ffa3c165000 	C:\WINDOWS\system32\wshbth.dll
0x00007ffa61fe0000 - 0x00007ffa61fea000 	C:\Windows\System32\rasadhlp.dll
0x00007ffa67650000 - 0x00007ffa676c7000 	C:\WINDOWS\System32\fwpuclnt.dll
0x00007ffa70300000 - 0x00007ffa70326000 	C:\WINDOWS\System32\bcrypt.dll
0x00007ffa35560000 - 0x00007ffa35572000 	C:\Program Files\Java\jre1.8.0_221\bin\nio.dll
0x00007ffa6e770000 - 0x00007ffa6e7a3000 	C:\WINDOWS\system32\rsaenh.dll
0x00007ffa6f280000 - 0x00007ffa6f2a5000 	C:\WINDOWS\SYSTEM32\USERENV.dll
0x00007ffa67b60000 - 0x00007ffa67b76000 	C:\WINDOWS\SYSTEM32\dhcpcsvc6.DLL
0x00007ffa67b40000 - 0x00007ffa67b5c000 	C:\WINDOWS\SYSTEM32\dhcpcsvc.DLL

VM Arguments:
jvm_args: -Dfile.encoding=UTF-8 
java_command: fr.insa.lightsMS.LightsMsApplication
java_class_path (initial): C:\Users\noel\WorkspaceEE\RoomsManagement\lightsMS\target\classes;C:\Users\noel\.m2\repository\org\springframework\boot\spring-boot-starter-web\2.2.2.RELEASE\spring-boot-starter-web-2.2.2.RELEASE.jar;C:\Users\noel\.m2\repository\org\springframework\boot\spring-boot-starter\2.2.2.RELEASE\spring-boot-starter-2.2.2.RELEASE.jar;C:\Users\noel\.m2\repository\org\springframework\boot\spring-boot\2.2.2.RELEASE\spring-boot-2.2.2.RELEASE.jar;C:\Users\noel\.m2\repository\org\springframework\boot\spring-boot-autoconfigure\2.2.2.RELEASE\spring-boot-autoconfigure-2.2.2.RELEASE.jar;C:\Users\noel\.m2\repository\org\springframework\boot\spring-boot-starter-logging\2.2.2.RELEASE\spring-boot-starter-logging-2.2.2.RELEASE.jar;C:\Users\noel\.m2\repository\ch\qos\logback\logback-classic\1.2.3\logback-classic-1.2.3.jar;C:\Users\noel\.m2\repository\ch\qos\logback\logback-core\1.2.3\logback-core-1.2.3.jar;C:\Users\noel\.m2\repository\org\apache\logging\log4j\log4j-to-slf4j\2.12.1\log4j-to-slf4j-2.12.1.jar;C:\Users\noel\.m2\repository\org\apache\logging\log4j\log4j-api\2.12.1\log4j-api-2.12.1.jar;C:\Users\noel\.m2\repository\org\slf4j\jul-to-slf4j\1.7.29\jul-to-slf4j-1.7.29.jar;C:\Users\noel\.m2\repository\jakarta\annotation\jakarta.annotation-api\1.3.5\jakarta.annotation-api-1.3.5.jar;C:\Users\noel\.m2\repository\org\yaml\snakeyaml\1.25\snakeyaml-1.25.jar;C:\Users\noel\.m2\repository\org\springframework\boot\spring-boot-starter-json\2.2.2.RELEASE\spring-boot-starter-json-2.2.2.RELEASE.jar;C:\Users\noel\.m2\repository\com\fasterxml\jackson\core\jackson-databind\2.10.1\jackson-databind-2.10.1.jar;C:\Users\noel\.m2\repository\com\fasterxml\jackson\core\jackson-annotations\2.10.1\jackson-annotations-2.10.1.jar;C:\Users\noel\.m2\repository\com\fasterxml\jackson\core\jackson-core\2.10.1\jackson-core-2.10.1.jar;C:\Users\noel\.m2\repository\com\fasterxml\jackson\datatype\jackson-datatype-jdk8\2.10.1\jackson-datatype-jdk8-2.10.1.jar;C:\Users\noel\.m2\repository\com\faste
Launcher Type: SUN_STANDARD

Environment Variables:
JAVA_HOME=C:\Program Files\Java\jre1.8.0_201
PATH=C:/Program Files/Java/jre1.8.0_221/bin/server;C:/Program Files/Java/jre1.8.0_221/bin;C:/Program Files/Java/jre1.8.0_221/lib/amd64;C:\Program Files (x86)\Common Files\Intel\Shared Libraries\redist\intel64\compiler;C:\Program Files (x86)\Common Files\Oracle\Java\javapath;C:\ProgramData\Oracle\Java\javapath;C:\Program Files (x86)\Intel\iCLS Client\;C:\Program Files\Intel\iCLS Client\;C:\Windows\system32;C:\Windows;C:\Windows\System32\Wbem;C:\Windows\System32\WindowsPowerShell\v1.0\;C:\Program Files (x86)\Intel\Intel(R) Management Engine Components\DAL;C:\Program Files\Intel\Intel(R) Management Engine Components\DAL;C:\Program Files (x86)\Intel\Intel(R) Management Engine Components\IPT;C:\Program Files\Intel\Intel(R) Management Engine Components\IPT;C:\WINDOWS\system32;C:\WINDOWS;C:\WINDOWS\System32\Wbem;C:\WINDOWS\System32\WindowsPowerShell\v1.0\;C:\Program Files (x86)\Microchip\xc16\v1.30\bin;C:\Program Files (x86)\Brackets\command;C:\Program Files (x86)\Microchip\xc16\v1.34\bin;C:\WINDOWS\System32\OpenSSH\;C:\Program Files\Microsoft SQL Server\Client SDK\ODBC\110\Tools\Binn\;C:\Program Files (x86)\Microsoft SQL Server\120\Tools\Binn\;C:\Program Files\Microsoft SQL Server\120\Tools\Binn\;C:\Program Files\Microsoft SQL Server\120\DTS\Binn\;C:\Program Files (x86)\Windows Kits\8.1\Windows Performance Toolkit\;C:\Program Files\PuTTY\;C:\Program Files\nodejs\;C:\Program Files\Git\cmd;C:\Program Files\MiKTeX 2.9\miktex\bin\x64\;C:\ProgramData\MATLAB\SupportPackages\R2018a\3P.instrset\ev3sourcerylite.instrset\CodeSourcery\bin;C:\Users\noel\.cargo\bin;C:\Users\noel\AppData\Local\Microsoft\WindowsApps;C:\src\flutter\bin;C:\Users\noel\AppData\Roaming\npm;C:\Users\noel\AppData\Local\Programs\Microsoft VS Code\bin;C:\Users\noel\AppData\Roaming\TinyTeX\bin\win32;C:\Users\noel\eclipse\eclipse-jee-neon-3-win32-x86_64\eclipse;
USERNAME=noel
OS=Windows_NT
PROCESSOR_IDENTIFIER=Intel64 Family 6 Model 142 Stepping 9, GenuineIntel



---------------  S Y S T E M  ---------------

OS: Windows 10.0 , 64 bit Build 18362 (10.0.18362.329)

CPU:total 4 (initial active 4) (2 cores per cpu, 2 threads per core) family 6 model 142 stepping 9, cmov, cx8, fxsr, mmx, sse, sse2, sse3, ssse3, sse4.1, sse4.2, popcnt, avx, avx2, aes, clmul, erms, 3dnowpref, lzcnt, ht, tsc, tscinvbit, bmi1, bmi2, adx

Memory: 4k page, physical 16642180k(4756380k free), swap 18739332k(2184k free)

vm_info: Java HotSpot(TM) 64-Bit Server VM (25.221-b11) for windows-amd64 JRE (1.8.0_221-b11), built on Jul  4 2019 04:39:29 by "java_re" with MS VC++ 10.0 (VS2010)

time: Tue Jan 14 01:13:11 2020
timezone: Paris, Madrid
elapsed time: 37 seconds (0d 0h 0m 37s)

